<?xml version="1.0" encoding="UTF-8"?>
<testng-results ignored="12" total="13" passed="0" failed="1" skipped="0">
  <reporter-output>
  </reporter-output>
  <suite started-at="2021-02-01T23:16:13 IST" name="Suite" finished-at="2021-02-01T23:16:35 IST" duration-ms="21708">
    <groups>
    </groups>
    <test started-at="2021-02-01T23:16:13 IST" name="Test" finished-at="2021-02-01T23:16:35 IST" duration-ms="21708">
      <class name="ramp.test.rampTest.RampIt_ResourceRequest_Test">
        <test-method is-config="true" signature="beforeSuite()[pri:0, instance:ramp.test.rampTest.RampIt_ResourceRequest_Test@40cb8df7]" started-at="2021-02-01T23:16:13 IST" name="beforeSuite" finished-at="2021-02-01T23:16:13 IST" duration-ms="261" status="PASS">
          <reporter-output>
          </reporter-output>
        </test-method> <!-- beforeSuite -->
        <test-method is-config="true" signature="beforeClass()[pri:0, instance:ramp.test.rampTest.RampIt_ResourceRequest_Test@40cb8df7]" started-at="2021-02-01T23:16:13 IST" name="beforeClass" finished-at="2021-02-01T23:16:13 IST" duration-ms="0" status="PASS">
          <reporter-output>
          </reporter-output>
        </test-method> <!-- beforeClass -->
        <test-method is-config="true" signature="beforeMethod(java.lang.reflect.Method)[pri:0, instance:ramp.test.rampTest.RampIt_ResourceRequest_Test@40cb8df7]" started-at="2021-02-01T23:16:13 IST" name="beforeMethod" finished-at="2021-02-01T23:16:25 IST" duration-ms="11641" status="PASS">
          <params>
            <param index="0">
              <value>
                <![CDATA[public void ramp.test.rampTest.RampIt_ResourceRequest_Test.RampIt_ResourceRequest_VerifyResourceNominatingByOtherResonsibleManagerForIECandidate()]]>
              </value>
            </param>
          </params>
          <reporter-output>
          </reporter-output>
        </test-method> <!-- beforeMethod -->
        <test-method signature="RampIt_ResourceRequest_VerifyResourceNominatingByOtherResonsibleManagerForIECandidate()[pri:0, instance:ramp.test.rampTest.RampIt_ResourceRequest_Test@40cb8df7]" started-at="2021-02-01T23:16:25 IST" name="RampIt_ResourceRequest_VerifyResourceNominatingByOtherResonsibleManagerForIECandidate" finished-at="2021-02-01T23:16:35 IST" duration-ms="10010" status="FAIL">
          <exception class="org.openqa.selenium.NoSuchElementException">
            <message>
              <![CDATA[no such element: Unable to locate element: {"method":"xpath","selector":"//div[@class='datepicker-days']//thead//th[@class='datepicker-switch']"}
  (Session info: headless chrome=88.0.4324.104)
For documentation on this error, please visit: http://seleniumhq.org/exceptions/no_such_element.html
Build info: version: '3.141.5', revision: 'd54ebd709a', time: '2018-11-06T11:42:16'
System info: host: 'INN00051', ip: '192.168.31.38', os.name: 'Windows 10', os.arch: 'amd64', os.version: '10.0', java.version: '14.0.2'
Driver info: org.openqa.selenium.chrome.ChromeDriver
Capabilities {acceptInsecureCerts: false, browserName: chrome, browserVersion: 88.0.4324.104, chrome: {chromedriverVersion: 88.0.4324.96 (68dba2d8a0b14..., userDataDir: C:\Users\10011872\AppData\L...}, goog:chromeOptions: {debuggerAddress: localhost:63251}, javascriptEnabled: true, networkConnectionEnabled: false, pageLoadStrategy: normal, platform: WINDOWS, platformName: WINDOWS, proxy: Proxy(), setWindowRect: true, strictFileInteractability: false, timeouts: {implicit: 0, pageLoad: 300000, script: 30000}, unhandledPromptBehavior: dismiss and notify, webauthn:extension:largeBlob: true, webauthn:virtualAuthenticators: true}
Session ID: 7aeb7dbe58bbad9598745543d0b72e3b
*** Element info: {Using=xpath, value=//div[@class='datepicker-days']//thead//th[@class='datepicker-switch']}]]>
            </message>
            <full-stacktrace>
              <![CDATA[org.openqa.selenium.NoSuchElementException: no such element: Unable to locate element: {"method":"xpath","selector":"//div[@class='datepicker-days']//thead//th[@class='datepicker-switch']"}
  (Session info: headless chrome=88.0.4324.104)
For documentation on this error, please visit: http://seleniumhq.org/exceptions/no_such_element.html
Build info: version: '3.141.5', revision: 'd54ebd709a', time: '2018-11-06T11:42:16'
System info: host: 'INN00051', ip: '192.168.31.38', os.name: 'Windows 10', os.arch: 'amd64', os.version: '10.0', java.version: '14.0.2'
Driver info: org.openqa.selenium.chrome.ChromeDriver
Capabilities {acceptInsecureCerts: false, browserName: chrome, browserVersion: 88.0.4324.104, chrome: {chromedriverVersion: 88.0.4324.96 (68dba2d8a0b14..., userDataDir: C:\Users\10011872\AppData\L...}, goog:chromeOptions: {debuggerAddress: localhost:63251}, javascriptEnabled: true, networkConnectionEnabled: false, pageLoadStrategy: normal, platform: WINDOWS, platformName: WINDOWS, proxy: Proxy(), setWindowRect: true, strictFileInteractability: false, timeouts: {implicit: 0, pageLoad: 300000, script: 30000}, unhandledPromptBehavior: dismiss and notify, webauthn:extension:largeBlob: true, webauthn:virtualAuthenticators: true}
Session ID: 7aeb7dbe58bbad9598745543d0b72e3b
*** Element info: {Using=xpath, value=//div[@class='datepicker-days']//thead//th[@class='datepicker-switch']}
at jdk.internal.reflect.GeneratedConstructorAccessor12.newInstance(Unknown Source)
at java.base/jdk.internal.reflect.DelegatingConstructorAccessorImpl.newInstance(DelegatingConstructorAccessorImpl.java:45)
at java.base/java.lang.reflect.Constructor.newInstanceWithCaller(Constructor.java:500)
at java.base/java.lang.reflect.Constructor.newInstance(Constructor.java:481)
at org.openqa.selenium.remote.http.W3CHttpResponseCodec.createException(W3CHttpResponseCodec.java:187)
at org.openqa.selenium.remote.http.W3CHttpResponseCodec.decode(W3CHttpResponseCodec.java:122)
at org.openqa.selenium.remote.http.W3CHttpResponseCodec.decode(W3CHttpResponseCodec.java:49)
at org.openqa.selenium.remote.HttpCommandExecutor.execute(HttpCommandExecutor.java:158)
at org.openqa.selenium.remote.service.DriverCommandExecutor.execute(DriverCommandExecutor.java:83)
at org.openqa.selenium.remote.RemoteWebDriver.execute(RemoteWebDriver.java:552)
at org.openqa.selenium.remote.RemoteWebDriver.findElement(RemoteWebDriver.java:323)
at org.openqa.selenium.remote.RemoteWebDriver.findElementByXPath(RemoteWebDriver.java:428)
at org.openqa.selenium.By$ByXPath.findElement(By.java:353)
at org.openqa.selenium.remote.RemoteWebDriver.findElement(RemoteWebDriver.java:315)
at ramp.main.genericLib.Ramp_ItGenericLibrary.selectDateInCalendarWidget(Ramp_ItGenericLibrary.java:72)
at ramp.main.genericLib.CreateResourceRequestPageOperation.createNewRequestByFillingMandatoryFieldsForConsulting(CreateResourceRequestPageOperation.java:21)
at ramp.main.Pages.ResourceRequestPage.verifyResourceNominatingByOtherResonsibleManagerForIECandidate(ResourceRequestPage.java:253)
at ramp.test.rampTest.RampIt_ResourceRequest_Test.RampIt_ResourceRequest_VerifyResourceNominatingByOtherResonsibleManagerForIECandidate(RampIt_ResourceRequest_Test.java:74)
at java.base/jdk.internal.reflect.NativeMethodAccessorImpl.invoke0(Native Method)
at java.base/jdk.internal.reflect.NativeMethodAccessorImpl.invoke(NativeMethodAccessorImpl.java:62)
at java.base/jdk.internal.reflect.DelegatingMethodAccessorImpl.invoke(DelegatingMethodAccessorImpl.java:43)
at java.base/java.lang.reflect.Method.invoke(Method.java:564)
at org.testng.internal.MethodInvocationHelper.invokeMethod(MethodInvocationHelper.java:132)
at org.testng.internal.TestInvoker.invokeMethod(TestInvoker.java:599)
at org.testng.internal.TestInvoker.invokeTestMethod(TestInvoker.java:174)
at org.testng.internal.MethodRunner.runInSequence(MethodRunner.java:46)
at org.testng.internal.TestInvoker$MethodInvocationAgent.invoke(TestInvoker.java:822)
at org.testng.internal.TestInvoker.invokeTestMethods(TestInvoker.java:147)
at org.testng.internal.TestMethodWorker.invokeTestMethods(TestMethodWorker.java:146)
at org.testng.internal.TestMethodWorker.run(TestMethodWorker.java:128)
at java.base/java.util.ArrayList.forEach(ArrayList.java:1511)
at org.testng.TestRunner.privateRun(TestRunner.java:764)
at org.testng.TestRunner.run(TestRunner.java:585)
at org.testng.SuiteRunner.runTest(SuiteRunner.java:384)
at org.testng.SuiteRunner.runSequentially(SuiteRunner.java:378)
at org.testng.SuiteRunner.privateRun(SuiteRunner.java:337)
at org.testng.SuiteRunner.run(SuiteRunner.java:286)
at org.testng.SuiteRunnerWorker.runSuite(SuiteRunnerWorker.java:53)
at org.testng.SuiteRunnerWorker.run(SuiteRunnerWorker.java:96)
at org.testng.TestNG.runSuitesSequentially(TestNG.java:1218)
at org.testng.TestNG.runSuitesLocally(TestNG.java:1140)
at org.testng.TestNG.runSuites(TestNG.java:1069)
at org.testng.TestNG.run(TestNG.java:1037)
at org.testng.remote.AbstractRemoteTestNG.run(AbstractRemoteTestNG.java:115)
at org.testng.remote.RemoteTestNG.initAndRun(RemoteTestNG.java:251)
at org.testng.remote.RemoteTestNG.main(RemoteTestNG.java:77)
]]>
            </full-stacktrace>
          </exception> <!-- org.openqa.selenium.NoSuchElementException -->
          <reporter-output>
          </reporter-output>
        </test-method> <!-- RampIt_ResourceRequest_VerifyResourceNominatingByOtherResonsibleManagerForIECandidate -->
        <test-method is-config="true" signature="afterMethod()[pri:0, instance:ramp.test.rampTest.RampIt_ResourceRequest_Test@40cb8df7]" started-at="2021-02-01T23:16:35 IST" name="afterMethod" finished-at="2021-02-01T23:16:35 IST" duration-ms="34" status="PASS">
          <reporter-output>
          </reporter-output>
        </test-method> <!-- afterMethod -->
        <test-method is-config="true" signature="afterClass()[pri:0, instance:ramp.test.rampTest.RampIt_ResourceRequest_Test@40cb8df7]" started-at="2021-02-01T23:16:35 IST" name="afterClass" finished-at="2021-02-01T23:16:35 IST" duration-ms="0" status="PASS">
          <reporter-output>
          </reporter-output>
        </test-method> <!-- afterClass -->
        <test-method is-config="true" signature="afterSuite()[pri:0, instance:ramp.test.rampTest.RampIt_ResourceRequest_Test@40cb8df7]" started-at="2021-02-01T23:16:35 IST" name="afterSuite" finished-at="2021-02-01T23:16:35 IST" duration-ms="337" status="PASS">
          <reporter-output>
          </reporter-output>
        </test-method> <!-- afterSuite -->
      </class> <!-- ramp.test.rampTest.RampIt_ResourceRequest_Test -->
    </test> <!-- Test -->
  </suite> <!-- Suite -->
</testng-results>
